<?xml version="1.0" encoding="UTF-8"?>
<!-- Generated by org.testng.reporters.JUnitReportReporter -->
<testsuite skipped="0" hostname="JAIPRASHANTH" name="com.crm.qa.testcases.ContactAdding" tests="1" failures="0" timestamp="03 Jun 2020 06:12:58 GMT" time="2.254" errors="0">
  <testcase name="contactbuttonclick" time="2.254" classname="com.crm.qa.testcases.ContactAdding"/>
</testsuite> <!-- com.crm.qa.testcases.ContactAdding -->
