<?xml version="1.0" encoding="UTF-8"?>
<!-- Generated by org.testng.reporters.JUnitReportReporter -->
<testsuite skipped="0" hostname="JAIPRASHANTH" name="com.crm.qa.testcases.LoginpageTest" tests="1" failures="0" timestamp="04 Jun 2020 04:54:21 GMT" time="17.908" errors="0">
  <testcase name="logintitle" time="17.908" classname="com.crm.qa.testcases.LoginpageTest"/>
</testsuite> <!-- com.crm.qa.testcases.LoginpageTest -->
