<?xml version="1.0" encoding="UTF-8"?>
<!-- Generated by org.testng.reporters.JUnitReportReporter -->
<testsuite skipped="0" hostname="JAIPRASHANTH" name="com.crm.qa.testcases.Homepagetest" tests="4" failures="0" timestamp="04 Jun 2020 04:54:21 GMT" time="4.998" errors="0">
  <testcase name="verrifytitle" time="3.815" classname="com.crm.qa.testcases.Homepagetest"/>
  <testcase name="contacttest" time="0.502" classname="com.crm.qa.testcases.Homepagetest"/>
  <testcase name="dealstest" time="0.440" classname="com.crm.qa.testcases.Homepagetest"/>
  <testcase name="taskttest" time="0.241" classname="com.crm.qa.testcases.Homepagetest"/>
</testsuite> <!-- com.crm.qa.testcases.Homepagetest -->
